<?xml version="1.0" encoding="UTF-8"?>
<!-- Generated by org.testng.reporters.JUnitReportReporter -->
<testsuite hostname="DESKTOP-NQ8HUQ2" failures="0" tests="12" name="Testcases" time="0.960" errors="1" timestamp="2022-09-01T19:03:33 IST" skipped="11">
  <testcase classname="Testcases" name="before" time="0.960">
    <error message="&#039;java.util.stream.Collector com.google.common.collect.ImmutableList.toImmutableList()&#039;" type="java.lang.NoSuchMethodError">
      <![CDATA[java.lang.NoSuchMethodError: 'java.util.stream.Collector com.google.common.collect.ImmutableList.toImmutableList()'
at org.openqa.selenium.remote.CapabilitiesUtils.makeW3CSafe(CapabilitiesUtils.java:98)
at org.openqa.selenium.remote.CapabilitiesUtils.makeW3CSafe(CapabilitiesUtils.java:70)
at java.base/java.util.stream.ReferencePipeline$7$1.accept(ReferencePipeline.java:273)
at java.base/java.util.Collections$2.tryAdvance(Collections.java:4853)
at java.base/java.util.Collections$2.forEachRemaining(Collections.java:4861)
at java.base/java.util.stream.AbstractPipeline.copyInto(AbstractPipeline.java:509)
at java.base/java.util.stream.AbstractPipeline.wrapAndCopyInto(AbstractPipeline.java:499)
at java.base/java.util.stream.ReduceOps$ReduceOp.evaluateSequential(ReduceOps.java:921)
at java.base/java.util.stream.AbstractPipeline.evaluate(AbstractPipeline.java:234)
at java.base/java.util.stream.ReferencePipeline.collect(ReferencePipeline.java:682)
at org.openqa.selenium.remote.DriverCommand.NEW_SESSION(DriverCommand.java:65)
at org.openqa.selenium.remote.RemoteWebDriver.startSession(RemoteWebDriver.java:246)
at org.openqa.selenium.remote.RemoteWebDriver.<init>(RemoteWebDriver.java:168)
at org.openqa.selenium.chromium.ChromiumDriver.<init>(ChromiumDriver.java:108)
at org.openqa.selenium.chrome.ChromeDriver.<init>(ChromeDriver.java:104)
at org.openqa.selenium.chrome.ChromeDriver.<init>(ChromeDriver.java:91)
at org.openqa.selenium.chrome.ChromeDriver.<init>(ChromeDriver.java:46)
at selenium.helper.startDriver(helper.java:16)
at Testcases.before(Testcases.java:16)
at java.base/jdk.internal.reflect.DirectMethodHandleAccessor.invoke(DirectMethodHandleAccessor.java:104)
at java.base/java.lang.reflect.Method.invoke(Method.java:577)
at org.testng.internal.invokers.MethodInvocationHelper.invokeMethod(MethodInvocationHelper.java:139)
at org.testng.internal.invokers.MethodInvocationHelper.invokeMethodConsideringTimeout(MethodInvocationHelper.java:69)
at org.testng.internal.invokers.ConfigInvoker.invokeConfigurationMethod(ConfigInvoker.java:361)
at org.testng.internal.invokers.ConfigInvoker.invokeConfigurations(ConfigInvoker.java:296)
at org.testng.TestRunner.invokeTestConfigurations(TestRunner.java:643)
at org.testng.TestRunner.beforeRun(TestRunner.java:632)
at org.testng.TestRunner.run(TestRunner.java:594)
at org.testng.SuiteRunner.runTest(SuiteRunner.java:433)
at org.testng.SuiteRunner.runSequentially(SuiteRunner.java:427)
at org.testng.SuiteRunner.privateRun(SuiteRunner.java:387)
at org.testng.SuiteRunner.run(SuiteRunner.java:330)
at org.testng.SuiteRunnerWorker.runSuite(SuiteRunnerWorker.java:52)
at org.testng.SuiteRunnerWorker.run(SuiteRunnerWorker.java:95)
at org.testng.TestNG.runSuitesSequentially(TestNG.java:1256)
at org.testng.TestNG.runSuitesLocally(TestNG.java:1176)
at org.testng.TestNG.runSuites(TestNG.java:1099)
at org.testng.TestNG.run(TestNG.java:1067)
at com.intellij.rt.testng.IDEARemoteTestNG.run(IDEARemoteTestNG.java:66)
at com.intellij.rt.testng.RemoteTestNGStarter.main(RemoteTestNGStarter.java:109)
]]>
    </error>
  </testcase> <!-- before -->
  <system-out/>
  <testcase classname="Testcases" name="FilterOut" time="0.000">
    <skipped/>
  </testcase> <!-- FilterOut -->
  <system-out/>
  <testcase classname="Testcases" name="verifyCheckOutPageTitle" time="0.000">
    <skipped/>
  </testcase> <!-- verifyCheckOutPageTitle -->
  <system-out/>
  <testcase classname="Testcases" name="VerifyUrl" time="0.000">
    <skipped/>
  </testcase> <!-- VerifyUrl -->
  <system-out/>
  <testcase classname="Testcases" name="PlaceOrder" time="0.000">
    <skipped/>
  </testcase> <!-- PlaceOrder -->
  <system-out/>
  <testcase classname="Testcases" name="PinCodeChange" time="0.000">
    <skipped/>
  </testcase> <!-- PinCodeChange -->
  <system-out/>
  <testcase classname="Testcases" name="Wishlist" time="0.000">
    <skipped/>
  </testcase> <!-- Wishlist -->
  <system-out/>
  <testcase classname="Testcases" name="verifyHomePageTitle" time="0.000">
    <skipped/>
  </testcase> <!-- verifyHomePageTitle -->
  <system-out/>
  <testcase classname="Testcases" name="Currency" time="0.000">
    <skipped/>
  </testcase> <!-- Currency -->
  <system-out/>
  <testcase classname="Testcases" name="UserLogin" time="0.000">
    <skipped/>
  </testcase> <!-- UserLogin -->
  <system-out/>
  <testcase classname="Testcases" name="Cartadd" time="0.000">
    <skipped/>
  </testcase> <!-- Cartadd -->
  <system-out/>
  <testcase classname="Testcases" name="ShopBy" time="0.000">
    <skipped/>
  </testcase> <!-- ShopBy -->
  <system-out/>
</testsuite> <!-- Testcases -->
